<?xml version="1.0" encoding="UTF-8"?>
<!-- Generated by org.testng.reporters.JUnitXMLReporter -->
<testsuite hostname="CTLT095" ignored="0" name="Test-2" tests="1" failures="0" timestamp="2020-06-19T00:02:16 IST" time="5.375" errors="0">
  <testcase name="TC_001" time="2.757" classname="com.demo.springselenium.googleTests.GoogleTest2"/>
</testsuite> <!-- Test-2 -->
