<?xml version="1.0" encoding="UTF-8"?>
<!-- Generated by org.testng.reporters.JUnitReportReporter -->
<testsuite skipped="0" hostname="CTLT095" name="com.demo.springselenium.googleTests.GoogleTest1" tests="1" failures="0" timestamp="2020-06-19T00:04:06 IST" time="2.440" errors="0">
  <testcase name="TC_001" time="2.440" classname="com.demo.springselenium.googleTests.GoogleTest1"/>
  <system-out/>
</testsuite> <!-- com.demo.springselenium.googleTests.GoogleTest1 -->
